<?xml version="1.0" encoding="UTF-8"?>
<!-- Generated by org.testng.reporters.JUnitXMLReporter -->
<testsuite ignored="1" hostname="DESKTOP-IE7JN7O" failures="1" tests="6" name="Car loan" time="0.078" errors="0" timestamp="2024-11-21T17:15:07 IST">
  <testcase classname="TestPack.day3" name="mobLogin" time="0.002"/>
  <testcase classname="TestPack.day3" name="mobSignInLogin" time="0.002"/>
  <testcase classname="TestPack.day3" name="mobSignoutLogin" time="0.014"/>
  <testcase classname="TestPack.day3" name="mobSignoutLogin" time="0.006"/>
  <testcase classname="TestPack.day3" name="mobSignoutLogin" time="0.002"/>
  <testcase classname="TestPack.day3" name="webLogin" time="0.0">
    <failure type="org.testng.TestNGException" message="
Parameter &amp;apos;URL&amp;apos; is required by @Test on method webLogin but has not been marked @Optional or defined
in C:\Users\Rutika Masne\New_eclipse\TestNG\testng.xml">
      <![CDATA[org.testng.TestNGException: 
Parameter 'URL' is required by @Test on method webLogin but has not been marked @Optional or defined
in C:\Users\Rutika Masne\New_eclipse\TestNG\testng.xml
at java.base/java.util.ArrayList.forEach(ArrayList.java:1597)
... Removed 26 stack frames]]>
    </failure>
  </testcase> <!-- webLogin -->
  <testcase classname="TestPack.day3" name="APICarLogin" time="0.0">
    <ignored/>
  </testcase> <!-- APICarLogin -->
</testsuite> <!-- Car loan -->
